<?xml version="1.0" encoding="UTF-8"?>
<testsuite xmlns:xsi="http://www.w3.org/2001/XMLSchema-instance" xsi:noNamespaceSchemaLocation="https://maven.apache.org/surefire/maven-surefire-plugin/xsd/surefire-test-report-3.0.xsd" version="3.0" name="assignment1.PumpStandTest" time="0.016" tests="4" errors="0" skipped="0" failures="0">
  <properties>
[...]
</properties>
  <testcase name="testInvalidPumpStandCreation" classname="assignment1.PumpStandTest" time="0.003">
    <system-out><![CDATA[Error! pump stand needs more than 0 pumps
]]></system-out>
  </testcase>
  <testcase name="testPumpStandInitialization" classname="assignment1.PumpStandTest" time="0.001"/>
  <testcase name="testTakeAndReleasePump" classname="assignment1.PumpStandTest" time="0.005"/>
  <testcase name="testTakeFromEmptyPumpStand" classname="assignment1.PumpStandTest" time="0.001">
    <system-out><![CDATA[Error! no pump available when needed
]]></system-out>
  </testcase>
</testsuite>